<?xml version="1.0" encoding="UTF-8"?>
<!-- Generated by org.testng.reporters.JUnitReportReporter -->
<testsuite skipped="0" hostname="t440p-20160304" name="AutomationFramework.Config" tests="1" failures="0" timestamp="27 Feb 2018 17:25:42 GMT" time="0.019" errors="0">
  <testcase name="Read_PropertyFile" time="0.019" classname="AutomationFramework.Config"/>
</testsuite> <!-- AutomationFramework.Config -->
