<?xml version="1.0" encoding="UTF-8"?>
<!-- Generated by org.testng.reporters.JUnitReportReporter -->
<testsuite skipped="0" hostname="t440p-20160304" name="AutomationFramework.PULSE_US_Test" tests="1" failures="0" timestamp="15 Feb 2018 03:22:41 GMT" time="6.617" errors="0">
  <testcase name="Login_UnSuccessFul_Test_TC002" time="6.617" classname="AutomationFramework.PULSE_US_Test"/>
</testsuite> <!-- AutomationFramework.PULSE_US_Test -->
