<?xml version="1.0" encoding="UTF-8"?>
<!-- Generated by org.testng.reporters.JUnitReportReporter -->
<testsuite skipped="0" hostname="t440p-20160304" name="AutomationFramework.PULSE_US_Test" tests="1" failures="0" timestamp="06 Mar 2018 16:53:54 GMT" time="59.910" errors="0">
  <testcase name="Search_Test_TC003" time="59.910" classname="AutomationFramework.PULSE_US_Test"/>
</testsuite> <!-- AutomationFramework.PULSE_US_Test -->
